C51 COMPILER V9.60.7.0   MAIN                                                              04/02/2025 15:33:46 PAGE 1   


C51 COMPILER V9.60.7.0, COMPILATION OF MODULE MAIN
OBJECT MODULE PLACED IN .\Objects\main.obj
COMPILER INVOKED BY: C:\Keil_v5\C51\BIN\C51.EXE main.c OPTIMIZE(8,SPEED) BROWSE DEBUG OBJECTEXTEND PRINT(.\Listings\main
                    -.lst) TABS(2) OBJECT(.\Objects\main.obj)

line level    source

   1          /**********************************************************
   2          EE337: ADC IC MCP3008 interfacing with pt-51
   3          (1) Complete spi_init() function from spi.h 
   4          
   5          ***********************************************************/
   6          
   7          #include <at89c5131.h>
   8          #include "lcd.h"                                        //Driver for interfacing lcd 
   9          #include "mcp3008.h"                                    //Driver for interfacing ADC ic MCP3008
  10          
  11          
  12          char adc_ip_data_ascii[6]={0,0,0,0,0,'\0'};             //string array for saving ascii of input sample
  13          code unsigned char display_msg1[]="Volt.: ";            //Display msg on 1st line of lcd
  14          code unsigned char display_msg2[]=" mV";                //Display msg on 2nd line of lcd
  15          
  16          
  17          
  18          void main(void)
  19          {
  20   1        int j=0;
  21   1        unsigned int adc_data=0;
  22   1        
  23   1        spi_init();                                         
  24   1        adc_init();
  25   1          lcd_init();
  26   1        
  27   1        
  28   1        
  29   1        while(1)
  30   1        {
  31   2          unsigned int x,y,temp_data, pot_data;
  32   2          unsigned char str_data[6];
  33   2          
  34   2          x = adc(4);  // Read analog value from 4th channel of ADC MCP3008
  35   2          pot_data = (unsigned int) (x * 3.2258);  // Convert to millivolts
  36   2      
  37   2          y = adc(3);  // Read analog value from 3rd channel of ADC MCP3008
  38   2          temp_data = (unsigned int) (y * 3.2258) / 10;  // Convert to temperature (°C)
  39   2      
  40   2          // Display "Volt.: " on the first line of LCD
  41   2          lcd_cmd(0x80);  // Move cursor to first line
  42   2          lcd_write_string(display_msg1);
  43   2      
  44   2          // Convert pot_data to string (5-digit format) and print it
  45   2          int_to_string(pot_data, str_data);
  46   2          lcd_write_string(str_data);
  47   2          lcd_write_string(display_msg2);  // " mV"
  48   2      
  49   2          // Move cursor to the second line
  50   2          lcd_cmd(0xC0);  // Move cursor to second line
  51   2          lcd_write_string("Temp.: ");
  52   2      
  53   2          // Convert temp_data to string and print it
  54   2          int_to_string(temp_data, str_data);
C51 COMPILER V9.60.7.0   MAIN                                                              04/02/2025 15:33:46 PAGE 2   

  55   2          lcd_write_string(str_data);
  56   2          lcd_write_string(" oC");
  57   2          
  58   2        }
  59   1      
  60   1      }
  61          


MODULE INFORMATION:   STATIC OVERLAYABLE
   CODE SIZE        =    740    ----
   CONSTANT SIZE    =     24    ----
   XDATA SIZE       =   ----    ----
   PDATA SIZE       =   ----    ----
   DATA SIZE        =      7      42
   IDATA SIZE       =   ----    ----
   BIT SIZE         =      1    ----
END OF MODULE INFORMATION.


C51 COMPILATION COMPLETE.  0 WARNING(S),  0 ERROR(S)
